<?xml version="1.0" encoding="UTF-8"?>
<!-- Generated by org.testng.reporters.JUnitReportReporter -->
<testsuite hostname="DESKTOP-D6LHHB6" failures="0" tests="1" name="io.ctdev.AppTest" time="0.010" errors="0" timestamp="20 серп. 2020 13:47:51 GMT" skipped="0">
  <testcase classname="io.ctdev.AppTest" name="shouldAnswerWithTrue" time="0.010"/>
</testsuite> <!-- io.ctdev.AppTest -->
